[     100ms] [WARNING] Statsig initialized without an user. Feature flag might be incorrect= use_tutor_tts_cache @ https://tutor.synthesis.com/_next/static/chunks/pages/_app-a505808061c751f9.js?dpl=dpl_22frxnmdTBQ9GnkJ2LbdoT6u3AAu:51
[     100ms] [WARNING] Statsig initialized without an user. Feature flag might be incorrect= use_tutor_tts_staging_server @ https://tutor.synthesis.com/_next/static/chunks/pages/_app-a505808061c751f9.js?dpl=dpl_22frxnmdTBQ9GnkJ2LbdoT6u3AAu:51
[     101ms] [WARNING] Statsig initialized without an user. Feature flag might be incorrect= lazily_cache_jessica_elevenlabs @ https://tutor.synthesis.com/_next/static/chunks/pages/_app-a505808061c751f9.js?dpl=dpl_22frxnmdTBQ9GnkJ2LbdoT6u3AAu:51
[     101ms] [WARNING] Statsig initialized without an user. Feature flag might be incorrect= tutor_voice_input @ https://tutor.synthesis.com/_next/static/chunks/pages/_app-a505808061c751f9.js?dpl=dpl_22frxnmdTBQ9GnkJ2LbdoT6u3AAu:51
[     178ms] [ERROR] Failed to load resource: the server responded with a status of 404 () @ https://tutor.synthesis.com/_vercel/insights/script.js:0
[     179ms] [LOG] [Vercel Web Analytics] Failed to load script from /_vercel/insights/script.js. Be sure to enable Web Analytics for your project and deploy again. See https://vercel.com/docs/analytics/quickstart for more information. @ https://tutor.synthesis.com/_next/static/chunks/pages/_app-a505808061c751f9.js?dpl=dpl_22frxnmdTBQ9GnkJ2LbdoT6u3AAu:239
[     446ms] [INFO] [Speech] Active transcription provider {provider: web-speech, source: default} @ https://tutor.synthesis.com/_next/static/chunks/pages/_app-a505808061c751f9.js?dpl=dpl_22frxnmdTBQ9GnkJ2LbdoT6u3AAu:0
[     449ms] [INFO] MOBILE  false @ https://tutor.synthesis.com/_next/static/chunks/63222-26f51ea14a6b1eba.js?dpl=dpl_22frxnmdTBQ9GnkJ2LbdoT6u3AAu:0
[     450ms] [LOG] setting beautiful prompt @ https://tutor.synthesis.com/_next/static/chunks/pages/_app-a505808061c751f9.js?dpl=dpl_22frxnmdTBQ9GnkJ2LbdoT6u3AAu:0
[     645ms] [INFO] {category: userAnalysis.updateUserLocation} Updated user location @ https://tutor.synthesis.com/_next/static/chunks/pages/_app-a505808061c751f9.js?dpl=dpl_22frxnmdTBQ9GnkJ2LbdoT6u3AAu:231
[     670ms] [LOG] MNTN Conv init... @ :0
[     670ms] [LOG] MNTN tracking url  null @ :0
[     670ms] [LOG] NO MNTM track script @ :0
[     777ms] [LOG] FullStory initialized! @ https://fullstory.dev.compute.synthesis.is/s/fs.js:3
[     777ms] [INFO] MOBILE  false @ https://fullstory.dev.compute.synthesis.is/s/fs.js:3
[   21298ms] [LOG] [startExplorationAccessCheck] pathname: /exploration/share_the_cookies, sessionUser: [object Object] @ https://fullstory.dev.compute.synthesis.is/s/fs.js:3
[   21621ms] [LOG] [rootStore] Running lesson entry for Share the Cookies @ https://fullstory.dev.compute.synthesis.is/s/fs.js:3
[   21621ms] [LOG] [rootStore] created the store and set the api. @ https://fullstory.dev.compute.synthesis.is/s/fs.js:3
[   21621ms] [LOG] starting @ https://fullstory.dev.compute.synthesis.is/s/fs.js:3
[   21750ms] [LOG] [rootStore] getAPIContext: Proxy(Object) @ https://fullstory.dev.compute.synthesis.is/s/fs.js:3
[   21755ms] [LOG] [rootStore] getAPIContext: Proxy(Object) @ https://fullstory.dev.compute.synthesis.is/s/fs.js:3
