[      98ms] [WARNING] Statsig initialized without an user. Feature flag might be incorrect= use_tutor_tts_cache @ https://tutor.synthesis.com/_next/static/chunks/pages/_app-a505808061c751f9.js?dpl=dpl_22frxnmdTBQ9GnkJ2LbdoT6u3AAu:51
[      98ms] [WARNING] Statsig initialized without an user. Feature flag might be incorrect= use_tutor_tts_staging_server @ https://tutor.synthesis.com/_next/static/chunks/pages/_app-a505808061c751f9.js?dpl=dpl_22frxnmdTBQ9GnkJ2LbdoT6u3AAu:51
[      98ms] [WARNING] Statsig initialized without an user. Feature flag might be incorrect= lazily_cache_jessica_elevenlabs @ https://tutor.synthesis.com/_next/static/chunks/pages/_app-a505808061c751f9.js?dpl=dpl_22frxnmdTBQ9GnkJ2LbdoT6u3AAu:51
[      98ms] [WARNING] Statsig initialized without an user. Feature flag might be incorrect= tutor_voice_input @ https://tutor.synthesis.com/_next/static/chunks/pages/_app-a505808061c751f9.js?dpl=dpl_22frxnmdTBQ9GnkJ2LbdoT6u3AAu:51
[     216ms] [ERROR] Failed to load resource: the server responded with a status of 404 () @ https://tutor.synthesis.com/_vercel/insights/script.js:0
[     216ms] [LOG] [Vercel Web Analytics] Failed to load script from /_vercel/insights/script.js. Be sure to enable Web Analytics for your project and deploy again. See https://vercel.com/docs/analytics/quickstart for more information. @ https://tutor.synthesis.com/_next/static/chunks/pages/_app-a505808061c751f9.js?dpl=dpl_22frxnmdTBQ9GnkJ2LbdoT6u3AAu:239
[     445ms] [INFO] [Speech] Active transcription provider {provider: web-speech, source: default} @ https://tutor.synthesis.com/_next/static/chunks/pages/_app-a505808061c751f9.js?dpl=dpl_22frxnmdTBQ9GnkJ2LbdoT6u3AAu:0
[     447ms] [INFO] MOBILE  false @ https://tutor.synthesis.com/_next/static/chunks/63222-26f51ea14a6b1eba.js?dpl=dpl_22frxnmdTBQ9GnkJ2LbdoT6u3AAu:0
[     449ms] [LOG] setting beautiful prompt @ https://tutor.synthesis.com/_next/static/chunks/pages/_app-a505808061c751f9.js?dpl=dpl_22frxnmdTBQ9GnkJ2LbdoT6u3AAu:0
[     666ms] [LOG] FullStory initialized! @ https://fullstory.dev.compute.synthesis.is/s/fs.js:3
[     667ms] [INFO] MOBILE  false @ https://fullstory.dev.compute.synthesis.is/s/fs.js:3
[     701ms] [INFO] {category: userAnalysis.updateUserLocation} Updated user location @ https://tutor.synthesis.com/_next/static/chunks/pages/_app-a505808061c751f9.js?dpl=dpl_22frxnmdTBQ9GnkJ2LbdoT6u3AAu:231
[     946ms] [LOG] MNTN Conv init... @ https://fullstory.dev.compute.synthesis.is/s/fs.js:3
[     947ms] [LOG] MNTN tracking url  null @ https://fullstory.dev.compute.synthesis.is/s/fs.js:3
[     947ms] [LOG] NO MNTM track script @ https://fullstory.dev.compute.synthesis.is/s/fs.js:3
[   21905ms] [LOG] [startExplorationAccessCheck] pathname: /, sessionUser: [object Object] @ https://fullstory.dev.compute.synthesis.is/s/fs.js:3
[   22264ms] [LOG] [rootStore] Running lesson entry for content @ https://fullstory.dev.compute.synthesis.is/s/fs.js:3
[   22264ms] [LOG] [rootStore] created the store and set the api. @ https://fullstory.dev.compute.synthesis.is/s/fs.js:3
[   22265ms] [LOG] starting @ https://fullstory.dev.compute.synthesis.is/s/fs.js:3
[   22448ms] [LOG] [rootStore] getAPIContext: Proxy(Object) @ https://fullstory.dev.compute.synthesis.is/s/fs.js:3
[   22840ms] [INFO] {checkpointData: null} @ https://fullstory.dev.compute.synthesis.is/s/fs.js:3
[   23029ms] [INFO] {checkpointData: null} @ https://fullstory.dev.compute.synthesis.is/s/fs.js:3
[   23030ms] [LOG] [rootStore] getAPIContext: Proxy(Object) @ https://fullstory.dev.compute.synthesis.is/s/fs.js:3
[   47285ms] [LOG] trip ended @ https://fullstory.dev.compute.synthesis.is/s/fs.js:3
[   47385ms] [LOG] [rootStore] cleaning up @ https://fullstory.dev.compute.synthesis.is/s/fs.js:3
[   47388ms] [LOG] [rootStore] stopping all sounds @ https://fullstory.dev.compute.synthesis.is/s/fs.js:3
[   47388ms] [LOG] [rootStore] Lesson ended with reason: {
  "name": "SwitchToExploration",
  "lessonUrlName": "share_the_cookies",
  "launchContext": null
} @ https://fullstory.dev.compute.synthesis.is/s/fs.js:3
[   47389ms] [LOG] [startExplorationAccessCheck] pathname: /exploration/share_the_cookies, sessionUser: [object Object] @ https://fullstory.dev.compute.synthesis.is/s/fs.js:3
[   47800ms] [LOG] [rootStore] Running lesson entry for Share the Cookies @ https://fullstory.dev.compute.synthesis.is/s/fs.js:3
[   47800ms] [LOG] [rootStore] created the store and set the api. @ https://fullstory.dev.compute.synthesis.is/s/fs.js:3
[   47800ms] [LOG] starting @ https://fullstory.dev.compute.synthesis.is/s/fs.js:3
[   47992ms] [LOG] [rootStore] getAPIContext: Proxy(Object) @ https://fullstory.dev.compute.synthesis.is/s/fs.js:3
[   47995ms] [LOG] [rootStore] getAPIContext: Proxy(Object) @ https://fullstory.dev.compute.synthesis.is/s/fs.js:3
[  522439ms] [LOG] === Cookie Debug === @ https://fullstory.dev.compute.synthesis.is/s/fs.js:3
[  522439ms] [LOG] Pieces: [Object, Object, Object, Object, Object, Object] @ https://fullstory.dev.compute.synthesis.is/s/fs.js:3
[  522439ms] [LOG] People totals: [Object, Object] @ https://fullstory.dev.compute.synthesis.is/s/fs.js:3
[  522440ms] [LOG] Y_THRESHOLD: 150, spread: 150 @ https://fullstory.dev.compute.synthesis.is/s/fs.js:3
[  893608ms] [ERROR] audio play failed NotSupportedError: Failed to load because no supported source was found. @ https://fullstory.dev.compute.synthesis.is/s/fs.js:3
[ 1400811ms] [ERROR] audio play failed NotSupportedError: Failed to load because no supported source was found. @ https://fullstory.dev.compute.synthesis.is/s/fs.js:3
[ 1711286ms] [ERROR] audio play failed NotSupportedError: Failed to load because no supported source was found. @ https://fullstory.dev.compute.synthesis.is/s/fs.js:3
[ 1840997ms] [ERROR] audio play failed NotSupportedError: Failed to load because no supported source was found. @ https://fullstory.dev.compute.synthesis.is/s/fs.js:3
[ 1967502ms] [LOG] setting beautiful prompt @ https://fullstory.dev.compute.synthesis.is/s/fs.js:3
[ 1989336ms] [LOG] setting beautiful prompt @ https://fullstory.dev.compute.synthesis.is/s/fs.js:3
