[   21504ms] [WARNING] Statsig initialized without an user. Feature flag might be incorrect= use_tutor_tts_cache @ https://tutor.synthesis.com/_next/static/chunks/pages/_app-a505808061c751f9.js?dpl=dpl_22frxnmdTBQ9GnkJ2LbdoT6u3AAu:51
[   21504ms] [WARNING] Statsig initialized without an user. Feature flag might be incorrect= use_tutor_tts_staging_server @ https://tutor.synthesis.com/_next/static/chunks/pages/_app-a505808061c751f9.js?dpl=dpl_22frxnmdTBQ9GnkJ2LbdoT6u3AAu:51
[   21504ms] [WARNING] Statsig initialized without an user. Feature flag might be incorrect= lazily_cache_jessica_elevenlabs @ https://tutor.synthesis.com/_next/static/chunks/pages/_app-a505808061c751f9.js?dpl=dpl_22frxnmdTBQ9GnkJ2LbdoT6u3AAu:51
[   21504ms] [WARNING] Statsig initialized without an user. Feature flag might be incorrect= tutor_voice_input @ https://tutor.synthesis.com/_next/static/chunks/pages/_app-a505808061c751f9.js?dpl=dpl_22frxnmdTBQ9GnkJ2LbdoT6u3AAu:51
[   21624ms] [ERROR] Failed to load resource: the server responded with a status of 404 () @ https://tutor.synthesis.com/_vercel/insights/script.js:0
[   21624ms] [LOG] [Vercel Web Analytics] Failed to load script from /_vercel/insights/script.js. Be sure to enable Web Analytics for your project and deploy again. See https://vercel.com/docs/analytics/quickstart for more information. @ https://tutor.synthesis.com/_next/static/chunks/pages/_app-a505808061c751f9.js?dpl=dpl_22frxnmdTBQ9GnkJ2LbdoT6u3AAu:239
[   21968ms] [INFO] [Speech] Active transcription provider {provider: web-speech, source: default} @ https://tutor.synthesis.com/_next/static/chunks/pages/_app-a505808061c751f9.js?dpl=dpl_22frxnmdTBQ9GnkJ2LbdoT6u3AAu:0
[   21970ms] [INFO] MOBILE  false @ https://tutor.synthesis.com/_next/static/chunks/63222-26f51ea14a6b1eba.js?dpl=dpl_22frxnmdTBQ9GnkJ2LbdoT6u3AAu:0
[   21972ms] [LOG] setting beautiful prompt @ https://tutor.synthesis.com/_next/static/chunks/pages/_app-a505808061c751f9.js?dpl=dpl_22frxnmdTBQ9GnkJ2LbdoT6u3AAu:0
[   22115ms] [INFO] {category: userAnalysis.updateUserLocation} Updated user location @ https://tutor.synthesis.com/_next/static/chunks/pages/_app-a505808061c751f9.js?dpl=dpl_22frxnmdTBQ9GnkJ2LbdoT6u3AAu:231
[   22295ms] [LOG] FullStory initialized! @ https://fullstory.dev.compute.synthesis.is/s/fs.js:3
[   22296ms] [INFO] MOBILE  false @ https://fullstory.dev.compute.synthesis.is/s/fs.js:3
[   22771ms] [LOG] MNTN Conv init... @ https://fullstory.dev.compute.synthesis.is/s/fs.js:3
[   22771ms] [LOG] MNTN tracking url  null @ https://fullstory.dev.compute.synthesis.is/s/fs.js:3
[   22771ms] [LOG] NO MNTM track script @ https://fullstory.dev.compute.synthesis.is/s/fs.js:3
[   80083ms] [LOG] [startExplorationAccessCheck] pathname: /, sessionUser: [object Object] @ https://fullstory.dev.compute.synthesis.is/s/fs.js:3
[   80481ms] [LOG] [rootStore] Running lesson entry for content @ https://fullstory.dev.compute.synthesis.is/s/fs.js:3
[   80482ms] [LOG] [rootStore] created the store and set the api. @ https://fullstory.dev.compute.synthesis.is/s/fs.js:3
[   80482ms] [LOG] starting @ https://fullstory.dev.compute.synthesis.is/s/fs.js:3
[   80687ms] [LOG] [rootStore] getAPIContext: Proxy(Object) @ https://fullstory.dev.compute.synthesis.is/s/fs.js:3
[   81036ms] [INFO] {checkpointData: null} @ https://fullstory.dev.compute.synthesis.is/s/fs.js:3
[   81122ms] [INFO] {checkpointData: null} @ https://fullstory.dev.compute.synthesis.is/s/fs.js:3
[   81123ms] [LOG] [rootStore] getAPIContext: Proxy(Object) @ https://fullstory.dev.compute.synthesis.is/s/fs.js:3
