[  -17251ms] [ERROR] Failed to load resource: the server responded with a status of 404 () @ https://tutor.synthesis.com/_vercel/insights/script.js:0
[  -17371ms] [WARNING] Statsig initialized without an user. Feature flag might be incorrect= use_tutor_tts_cache @ https://tutor.synthesis.com/_next/static/chunks/pages/_app-a505808061c751f9.js?dpl=dpl_22frxnmdTBQ9GnkJ2LbdoT6u3AAu:51
[  -17370ms] [WARNING] Statsig initialized without an user. Feature flag might be incorrect= use_tutor_tts_staging_server @ https://tutor.synthesis.com/_next/static/chunks/pages/_app-a505808061c751f9.js?dpl=dpl_22frxnmdTBQ9GnkJ2LbdoT6u3AAu:51
[  -17370ms] [WARNING] Statsig initialized without an user. Feature flag might be incorrect= lazily_cache_jessica_elevenlabs @ https://tutor.synthesis.com/_next/static/chunks/pages/_app-a505808061c751f9.js?dpl=dpl_22frxnmdTBQ9GnkJ2LbdoT6u3AAu:51
[  -17370ms] [WARNING] Statsig initialized without an user. Feature flag might be incorrect= tutor_voice_input @ https://tutor.synthesis.com/_next/static/chunks/pages/_app-a505808061c751f9.js?dpl=dpl_22frxnmdTBQ9GnkJ2LbdoT6u3AAu:51
[  -17251ms] [LOG] [Vercel Web Analytics] Failed to load script from /_vercel/insights/script.js. Be sure to enable Web Analytics for your project and deploy again. See https://vercel.com/docs/analytics/quickstart for more information. @ https://tutor.synthesis.com/_next/static/chunks/pages/_app-a505808061c751f9.js?dpl=dpl_22frxnmdTBQ9GnkJ2LbdoT6u3AAu:239
[  -16955ms] [INFO] [Speech] Active transcription provider Object @ https://tutor.synthesis.com/_next/static/chunks/pages/_app-a505808061c751f9.js?dpl=dpl_22frxnmdTBQ9GnkJ2LbdoT6u3AAu:0
[  -16950ms] [INFO] Triggering guard: NOT_LOGGED_IN Object @ https://tutor.synthesis.com/_next/static/chunks/63222-26f51ea14a6b1eba.js?dpl=dpl_22frxnmdTBQ9GnkJ2LbdoT6u3AAu:0
[  -16949ms] [LOG] setting beautiful prompt @ https://tutor.synthesis.com/_next/static/chunks/pages/_app-a505808061c751f9.js?dpl=dpl_22frxnmdTBQ9GnkJ2LbdoT6u3AAu:0
[  -16864ms] [INFO] [Speech] Active transcription provider Object @ https://tutor.synthesis.com/_next/static/chunks/pages/_app-a505808061c751f9.js?dpl=dpl_22frxnmdTBQ9GnkJ2LbdoT6u3AAu:0
[  -16517ms] [LOG] FullStory initialized! @ https://fullstory.dev.compute.synthesis.is/s/fs.js:3
[  -15243ms] [LOG] MNTN Conv init... @ https://fullstory.dev.compute.synthesis.is/s/fs.js:3
[  -15243ms] [LOG] MNTN tracking url  null @ https://fullstory.dev.compute.synthesis.is/s/fs.js:3
[  -15243ms] [LOG] NO MNTM track script @ https://fullstory.dev.compute.synthesis.is/s/fs.js:3
[    1297ms] [INFO] Triggering guard: ALREADY_LOGGED_IN {pathname: /login, payload: undefined, searchParams: n} @ https://fullstory.dev.compute.synthesis.is/s/fs.js:3
[    1301ms] [INFO] Triggering guard: ALREADY_LOGGED_IN {pathname: /login, payload: undefined, searchParams: n} @ https://fullstory.dev.compute.synthesis.is/s/fs.js:3
[    1307ms] [INFO] MOBILE  false @ https://fullstory.dev.compute.synthesis.is/s/fs.js:3
[    1315ms] [INFO] MOBILE  false @ https://fullstory.dev.compute.synthesis.is/s/fs.js:3
[    1375ms] [INFO] [Speech] Active transcription provider {provider: web-speech, source: default} @ https://fullstory.dev.compute.synthesis.is/s/fs.js:3
[    1375ms] [INFO] MOBILE  false @ https://fullstory.dev.compute.synthesis.is/s/fs.js:3
[    1394ms] [INFO] {category: userAnalysis.updateUserLocation} Updated user location @ https://tutor.synthesis.com/_next/static/chunks/pages/_app-a505808061c751f9.js?dpl=dpl_22frxnmdTBQ9GnkJ2LbdoT6u3AAu:231
[    1488ms] [INFO] [Speech] Active transcription provider {provider: web-speech, source: default} @ https://fullstory.dev.compute.synthesis.is/s/fs.js:3
